<?xml version="1.0" encoding="UTF-8"?>
<!-- Generated by org.testng.reporters.JUnitReportReporter -->
<testsuite skipped="0" hostname="Hemal" name="com.mobilexcart.AppTest" tests="1" failures="0" timestamp="29 Nov 2021 23:06:17 GMT" time="0.016" errors="0">
  <testcase name="shouldAnswerWithTrue" time="0.016" classname="com.mobilexcart.AppTest"/>
</testsuite> <!-- com.mobilexcart.AppTest -->
